<?xml version="1.0" encoding="utf-8"?><testsuites name="pytest tests"><testsuite name="pytest" errors="0" failures="0" skipped="0" tests="11" time="3.221" timestamp="2026-03-30T14:55:40.533946+00:00" hostname="agent-env-97aef0ea-f7e2-44aa-821d-d7f1a4bdf122"><testcase classname="backend.tests.test_universal_follow_and_suggestions.TestUniversalFollowSystem" name="test_bartender_follows_bartender" time="1.621" /><testcase classname="backend.tests.test_universal_follow_and_suggestions.TestUniversalFollowSystem" name="test_bartender_follows_customer" time="0.111" /><testcase classname="backend.tests.test_universal_follow_and_suggestions.TestUniversalFollowSystem" name="test_customer_follows_customer" time="0.123" /><testcase classname="backend.tests.test_universal_follow_and_suggestions.TestUniversalFollowSystem" name="test_customer_follows_bartender" time="0.127" /><testcase classname="backend.tests.test_universal_follow_and_suggestions.TestSuggestionsEndpoint" name="test_suggestions_endpoint_returns_200" time="0.067" /><testcase classname="backend.tests.test_universal_follow_and_suggestions.TestSuggestionsEndpoint" name="test_suggestions_have_required_fields" time="0.058" /><testcase classname="backend.tests.test_universal_follow_and_suggestions.TestSuggestionsEndpoint" name="test_suggestions_exclude_self" time="0.057" /><testcase classname="backend.tests.test_universal_follow_and_suggestions.TestSuggestionsEndpoint" name="test_suggestions_exclude_already_followed" time="0.060" /><testcase classname="backend.tests.test_universal_follow_and_suggestions.TestSuggestionsEndpoint" name="test_bartender_gets_suggestions" time="0.052" /><testcase classname="backend.tests.test_universal_follow_and_suggestions.TestSuggestionsEndpoint" name="test_customer_gets_suggestions" time="0.050" /><testcase classname="backend.tests.test_universal_follow_and_suggestions.TestSuggestionsPendingExclusion" name="test_suggestions_exclude_pending_requests" time="0.824" /></testsuite></testsuites>