<?xml version="1.0" encoding="utf-8"?><testsuites name="pytest tests"><testsuite name="pytest" errors="0" failures="0" skipped="0" tests="14" time="12.180" timestamp="2026-03-27T22:54:45.673318+00:00" hostname="agent-env-97aef0ea-f7e2-44aa-821d-d7f1a4bdf122"><testcase classname="backend.tests.test_follow_system.TestFollowSystem" name="test_direct_follow_when_approval_not_required" time="0.901" /><testcase classname="backend.tests.test_follow_system.TestFollowSystem" name="test_unfollow_user" time="0.810" /><testcase classname="backend.tests.test_follow_system.TestFollowSystem" name="test_follow_request_when_approval_required" time="0.850" /><testcase classname="backend.tests.test_follow_system.TestFollowSystem" name="test_get_follow_requests" time="0.748" /><testcase classname="backend.tests.test_follow_system.TestFollowSystem" name="test_approve_follow_request" time="0.938" /><testcase classname="backend.tests.test_follow_system.TestFollowSystem" name="test_deny_follow_request" time="0.932" /><testcase classname="backend.tests.test_follow_system.TestFollowSystem" name="test_cancel_pending_follow_request" time="1.033" /><testcase classname="backend.tests.test_follow_system.TestFollowSystem" name="test_user_profile_shows_follow_status" time="0.795" /><testcase classname="backend.tests.test_follow_system.TestFollowSystem" name="test_bartender_profile_shows_follow_status" time="0.845" /><testcase classname="backend.tests.test_follow_system.TestFollowSystem" name="test_update_bartender_privacy_settings" time="0.850" /><testcase classname="backend.tests.test_follow_system.TestFollowSystem" name="test_update_customer_privacy_settings" time="0.748" /><testcase classname="backend.tests.test_follow_system.TestFollowSystem" name="test_cannot_follow_self" time="0.782" /><testcase classname="backend.tests.test_follow_system.TestFollowSystem" name="test_already_following_returns_success" time="0.849" /><testcase classname="backend.tests.test_follow_system.TestFollowSystem" name="test_already_pending_returns_success" time="1.028" /></testsuite></testsuites>